{"/mnt/c/Users/ColinGuth/Desktop/Eight2Five-iOS-Android/modules/expo-kbeaconpro/src/ExpoKBeaconPro.types.ts": {"path":"/mnt/c/Users/ColinGuth/Desktop/Eight2Five-iOS-Android/modules/expo-kbeaconpro/src/ExpoKBeaconPro.types.ts","statementMap":{},"fnMap":{},"branchMap":{},"s":{},"f":{},"b":{},"_coverageSchema":"1a1c01bbd47fc00a2c39e90264f33305004495a9","hash":"027770fdf706f4dd901074b8e858d3b5efa0f953"}
,"/mnt/c/Users/ColinGuth/Desktop/Eight2Five-iOS-Android/modules/expo-kbeaconpro/src/ExpoKBeaconProModule.ts": {"path":"/mnt/c/Users/ColinGuth/Desktop/Eight2Five-iOS-Android/modules/expo-kbeaconpro/src/ExpoKBeaconProModule.ts","statementMap":{"0":{"start":{"line":30,"column":16},"end":{"line":32,"column":1}},"1":{"start":{"line":37,"column":2},"end":{"line":40,"column":4}},"2":{"start":{"line":46,"column":2},"end":{"line":49,"column":4}},"3":{"start":{"line":55,"column":2},"end":{"line":58,"column":4}},"4":{"start":{"line":62,"column":2},"end":{"line":62,"column":63}},"5":{"start":{"line":66,"column":2},"end":{"line":66,"column":62}},"6":{"start":{"line":70,"column":2},"end":{"line":70,"column":62}},"7":{"start":{"line":78,"column":2},"end":{"line":82,"column":4}},"8":{"start":{"line":91,"column":2},"end":{"line":96,"column":4}},"9":{"start":{"line":100,"column":2},"end":{"line":100,"column":76}},"10":{"start":{"line":107,"column":2},"end":{"line":110,"column":4}},"11":{"start":{"line":117,"column":2},"end":{"line":120,"column":4}},"12":{"start":{"line":129,"column":2},"end":{"line":134,"column":4}},"13":{"start":{"line":141,"column":2},"end":{"line":144,"column":4}},"14":{"start":{"line":151,"column":2},"end":{"line":154,"column":4}},"15":{"start":{"line":161,"column":2},"end":{"line":163,"column":56}}},"fnMap":{"0":{"name":"addBeaconDiscoveredListener","decl":{"start":{"line":34,"column":16},"end":{"line":34,"column":43}},"loc":{"start":{"line":36,"column":21},"end":{"line":41,"column":1}},"line":36},"1":{"name":"addConnectionStateChangedListener","decl":{"start":{"line":43,"column":16},"end":{"line":43,"column":49}},"loc":{"start":{"line":45,"column":21},"end":{"line":50,"column":1}},"line":45},"2":{"name":"addNotifyDataReceivedListener","decl":{"start":{"line":52,"column":16},"end":{"line":52,"column":45}},"loc":{"start":{"line":54,"column":21},"end":{"line":59,"column":1}},"line":54},"3":{"name":"startScanning","decl":{"start":{"line":61,"column":16},"end":{"line":61,"column":29}},"loc":{"start":{"line":61,"column":38},"end":{"line":63,"column":1}},"line":61},"4":{"name":"stopScanning","decl":{"start":{"line":65,"column":16},"end":{"line":65,"column":28}},"loc":{"start":{"line":65,"column":37},"end":{"line":67,"column":1}},"line":65},"5":{"name":"clearBeacons","decl":{"start":{"line":69,"column":16},"end":{"line":69,"column":28}},"loc":{"start":{"line":69,"column":37},"end":{"line":71,"column":1}},"line":69},"6":{"name":"connect","decl":{"start":{"line":73,"column":22},"end":{"line":73,"column":29}},"loc":{"start":{"line":77,"column":20},"end":{"line":83,"column":1}},"line":77},"7":{"name":"connectEnhanced","decl":{"start":{"line":85,"column":22},"end":{"line":85,"column":37}},"loc":{"start":{"line":90,"column":20},"end":{"line":97,"column":1}},"line":90},"8":{"name":"disconnect","decl":{"start":{"line":99,"column":22},"end":{"line":99,"column":32}},"loc":{"start":{"line":99,"column":71},"end":{"line":101,"column":1}},"line":99},"9":{"name":"modifyConfig","decl":{"start":{"line":103,"column":22},"end":{"line":103,"column":34}},"loc":{"start":{"line":106,"column":20},"end":{"line":111,"column":1}},"line":106},"10":{"name":"readSensorDataInfo","decl":{"start":{"line":113,"column":22},"end":{"line":113,"column":40}},"loc":{"start":{"line":116,"column":29},"end":{"line":121,"column":1}},"line":116},"11":{"name":"readSensorHistory","decl":{"start":{"line":123,"column":22},"end":{"line":123,"column":39}},"loc":{"start":{"line":128,"column":33},"end":{"line":135,"column":1}},"line":128},"12":{"name":"clearSensorHistory","decl":{"start":{"line":137,"column":22},"end":{"line":137,"column":40}},"loc":{"start":{"line":140,"column":20},"end":{"line":145,"column":1}},"line":140},"13":{"name":"subscribeSensorDataNotify","decl":{"start":{"line":147,"column":22},"end":{"line":147,"column":47}},"loc":{"start":{"line":150,"column":20},"end":{"line":155,"column":1}},"line":150},"14":{"name":"unsubscribeSensorDataNotify","decl":{"start":{"line":157,"column":22},"end":{"line":157,"column":49}},"loc":{"start":{"line":160,"column":20},"end":{"line":164,"column":1}},"line":160}},"branchMap":{},"s":{"0":1,"1":1,"2":1,"3":1,"4":1,"5":1,"6":1,"7":1,"8":1,"9":1,"10":1,"11":1,"12":1,"13":1,"14":1,"15":1},"f":{"0":1,"1":1,"2":1,"3":1,"4":1,"5":1,"6":1,"7":1,"8":1,"9":1,"10":1,"11":1,"12":1,"13":1,"14":1},"b":{},"_coverageSchema":"1a1c01bbd47fc00a2c39e90264f33305004495a9","hash":"2b1759fd83f0a25e171092fc60091d4700b06ee0"}
}
