TN:
SF:modules/expo-kbeaconpro/src/ExpoKBeaconPro.types.ts
FNF:0
FNH:0
LF:0
LH:0
BRF:0
BRH:0
end_of_record
TN:
SF:modules/expo-kbeaconpro/src/ExpoKBeaconProModule.ts
FN:34,addBeaconDiscoveredListener
FN:43,addConnectionStateChangedListener
FN:52,addNotifyDataReceivedListener
FN:61,startScanning
FN:65,stopScanning
FN:69,clearBeacons
FN:73,connect
FN:85,connectEnhanced
FN:99,disconnect
FN:103,modifyConfig
FN:113,readSensorDataInfo
FN:123,readSensorHistory
FN:137,clearSensorHistory
FN:147,subscribeSensorDataNotify
FN:157,unsubscribeSensorDataNotify
FNF:15
FNH:15
FNDA:1,addBeaconDiscoveredListener
FNDA:1,addConnectionStateChangedListener
FNDA:1,addNotifyDataReceivedListener
FNDA:1,startScanning
FNDA:1,stopScanning
FNDA:1,clearBeacons
FNDA:1,connect
FNDA:1,connectEnhanced
FNDA:1,disconnect
FNDA:1,modifyConfig
FNDA:1,readSensorDataInfo
FNDA:1,readSensorHistory
FNDA:1,clearSensorHistory
FNDA:1,subscribeSensorDataNotify
FNDA:1,unsubscribeSensorDataNotify
DA:30,1
DA:37,1
DA:46,1
DA:55,1
DA:62,1
DA:66,1
DA:70,1
DA:78,1
DA:91,1
DA:100,1
DA:107,1
DA:117,1
DA:129,1
DA:141,1
DA:151,1
DA:161,1
LF:16
LH:16
BRF:0
BRH:0
end_of_record
